{"C:\\develop\\technical_challenges\\video_app_netshowme\\src\\context\\VideosContext.tsx": {"path":"C:\\develop\\technical_challenges\\video_app_netshowme\\src\\context\\VideosContext.tsx","statementMap":{"0":{"start":{"line":17,"column":29},"end":{"line":17,"column":86}},"1":{"start":{"line":19,"column":30},"end":{"line":96,"column":1}},"2":{"start":{"line":20,"column":30},"end":{"line":20,"column":51}},"3":{"start":{"line":21,"column":25},"end":{"line":21,"column":27}},"4":{"start":{"line":23,"column":22},"end":{"line":32,"column":3}},"5":{"start":{"line":24,"column":4},"end":{"line":31,"column":5}},"6":{"start":{"line":25,"column":23},"end":{"line":25,"column":57}},"7":{"start":{"line":26,"column":6},"end":{"line":28,"column":8}},"8":{"start":{"line":27,"column":8},"end":{"line":27,"column":60}},"9":{"start":{"line":30,"column":6},"end":{"line":30,"column":69}},"10":{"start":{"line":34,"column":25},"end":{"line":41,"column":3}},"11":{"start":{"line":35,"column":4},"end":{"line":40,"column":5}},"12":{"start":{"line":36,"column":6},"end":{"line":36,"column":42}},"13":{"start":{"line":38,"column":6},"end":{"line":38,"column":81}},"14":{"start":{"line":39,"column":6},"end":{"line":39,"column":23}},"15":{"start":{"line":43,"column":25},"end":{"line":54,"column":3}},"16":{"start":{"line":44,"column":4},"end":{"line":53,"column":5}},"17":{"start":{"line":45,"column":20},"end":{"line":45,"column":59}},"18":{"start":{"line":45,"column":43},"end":{"line":45,"column":58}},"19":{"start":{"line":46,"column":6},"end":{"line":50,"column":7}},"20":{"start":{"line":47,"column":29},"end":{"line":47,"column":44}},"21":{"start":{"line":48,"column":29},"end":{"line":48,"column":86}},"22":{"start":{"line":49,"column":8},"end":{"line":49,"column":62}},"23":{"start":{"line":52,"column":6},"end":{"line":52,"column":73}},"24":{"start":{"line":56,"column":25},"end":{"line":67,"column":3}},"25":{"start":{"line":57,"column":4},"end":{"line":66,"column":5}},"26":{"start":{"line":58,"column":20},"end":{"line":58,"column":59}},"27":{"start":{"line":58,"column":43},"end":{"line":58,"column":58}},"28":{"start":{"line":59,"column":6},"end":{"line":63,"column":7}},"29":{"start":{"line":60,"column":29},"end":{"line":60,"column":44}},"30":{"start":{"line":61,"column":29},"end":{"line":61,"column":86}},"31":{"start":{"line":62,"column":8},"end":{"line":62,"column":71}},"32":{"start":{"line":65,"column":6},"end":{"line":65,"column":73}},"33":{"start":{"line":69,"column":29},"end":{"line":77,"column":3}},"34":{"start":{"line":70,"column":4},"end":{"line":76,"column":6}},"35":{"start":{"line":71,"column":6},"end":{"line":75,"column":7}},"36":{"start":{"line":72,"column":8},"end":{"line":74,"column":17}},"37":{"start":{"line":79,"column":2},"end":{"line":81,"column":9}},"38":{"start":{"line":80,"column":4},"end":{"line":80,"column":18}},"39":{"start":{"line":83,"column":2},"end":{"line":95,"column":4}}},"fnMap":{"0":{"name":"(anonymous_0)","decl":{"start":{"line":19,"column":30},"end":{"line":19,"column":31}},"loc":{"start":{"line":19,"column":69},"end":{"line":96,"column":1}},"line":19},"1":{"name":"(anonymous_1)","decl":{"start":{"line":23,"column":22},"end":{"line":23,"column":23}},"loc":{"start":{"line":23,"column":66},"end":{"line":32,"column":3}},"line":23},"2":{"name":"(anonymous_2)","decl":{"start":{"line":26,"column":16},"end":{"line":26,"column":17}},"loc":{"start":{"line":27,"column":8},"end":{"line":27,"column":60}},"line":27},"3":{"name":"(anonymous_3)","decl":{"start":{"line":34,"column":25},"end":{"line":34,"column":26}},"loc":{"start":{"line":34,"column":75},"end":{"line":41,"column":3}},"line":34},"4":{"name":"(anonymous_4)","decl":{"start":{"line":43,"column":25},"end":{"line":43,"column":26}},"loc":{"start":{"line":43,"column":47},"end":{"line":54,"column":3}},"line":43},"5":{"name":"(anonymous_5)","decl":{"start":{"line":45,"column":32},"end":{"line":45,"column":33}},"loc":{"start":{"line":45,"column":43},"end":{"line":45,"column":58}},"line":45},"6":{"name":"(anonymous_6)","decl":{"start":{"line":56,"column":25},"end":{"line":56,"column":26}},"loc":{"start":{"line":56,"column":47},"end":{"line":67,"column":3}},"line":56},"7":{"name":"(anonymous_7)","decl":{"start":{"line":58,"column":32},"end":{"line":58,"column":33}},"loc":{"start":{"line":58,"column":43},"end":{"line":58,"column":58}},"line":58},"8":{"name":"(anonymous_8)","decl":{"start":{"line":69,"column":29},"end":{"line":69,"column":30}},"loc":{"start":{"line":69,"column":54},"end":{"line":77,"column":3}},"line":69},"9":{"name":"(anonymous_9)","decl":{"start":{"line":70,"column":14},"end":{"line":70,"column":15}},"loc":{"start":{"line":71,"column":6},"end":{"line":75,"column":7}},"line":71},"10":{"name":"(anonymous_10)","decl":{"start":{"line":71,"column":21},"end":{"line":71,"column":22}},"loc":{"start":{"line":72,"column":8},"end":{"line":74,"column":17}},"line":72},"11":{"name":"(anonymous_11)","decl":{"start":{"line":79,"column":12},"end":{"line":79,"column":13}},"loc":{"start":{"line":79,"column":18},"end":{"line":81,"column":3}},"line":79}},"branchMap":{"0":{"loc":{"start":{"line":23,"column":29},"end":{"line":23,"column":37}},"type":"default-arg","locations":[{"start":{"line":23,"column":36},"end":{"line":23,"column":37}}],"line":23},"1":{"loc":{"start":{"line":23,"column":39},"end":{"line":23,"column":61}},"type":"default-arg","locations":[{"start":{"line":23,"column":47},"end":{"line":23,"column":61}}],"line":23},"2":{"loc":{"start":{"line":27,"column":8},"end":{"line":27,"column":60}},"type":"cond-expr","locations":[{"start":{"line":27,"column":21},"end":{"line":27,"column":29}},{"start":{"line":27,"column":32},"end":{"line":27,"column":60}}],"line":27},"3":{"loc":{"start":{"line":46,"column":6},"end":{"line":50,"column":7}},"type":"if","locations":[{"start":{"line":46,"column":6},"end":{"line":50,"column":7}},{"start":{},"end":{}}],"line":46},"4":{"loc":{"start":{"line":59,"column":6},"end":{"line":63,"column":7}},"type":"if","locations":[{"start":{"line":59,"column":6},"end":{"line":63,"column":7}},{"start":{},"end":{}}],"line":59},"5":{"loc":{"start":{"line":59,"column":10},"end":{"line":59,"column":41}},"type":"binary-expr","locations":[{"start":{"line":59,"column":10},"end":{"line":59,"column":15}},{"start":{"line":59,"column":19},"end":{"line":59,"column":41}}],"line":59},"6":{"loc":{"start":{"line":72,"column":8},"end":{"line":74,"column":17}},"type":"cond-expr","locations":[{"start":{"line":73,"column":12},"end":{"line":73,"column":80}},{"start":{"line":74,"column":12},"end":{"line":74,"column":17}}],"line":72},"7":{"loc":{"start":{"line":73,"column":48},"end":{"line":73,"column":78}},"type":"binary-expr","locations":[{"start":{"line":73,"column":48},"end":{"line":73,"column":69}},{"start":{"line":73,"column":73},"end":{"line":73,"column":78}}],"line":73}},"s":{"0":2,"1":2,"2":3,"3":3,"4":3,"5":2,"6":2,"7":2,"8":2,"9":0,"10":3,"11":0,"12":0,"13":0,"14":0,"15":3,"16":0,"17":0,"18":0,"19":0,"20":0,"21":0,"22":0,"23":0,"24":3,"25":0,"26":0,"27":0,"28":0,"29":0,"30":0,"31":0,"32":0,"33":3,"34":0,"35":0,"36":0,"37":3,"38":1,"39":3},"f":{"0":3,"1":2,"2":2,"3":0,"4":0,"5":0,"6":0,"7":0,"8":0,"9":0,"10":0,"11":1},"b":{"0":[1],"1":[1],"2":[2,0],"3":[0,0],"4":[0,0],"5":[0,0],"6":[0,0],"7":[0,0]},"_coverageSchema":"1a1c01bbd47fc00a2c39e90264f33305004495a9","hash":"9c852aa0e36744458064987c70b17a76e0985d96"}
,"C:\\develop\\technical_challenges\\video_app_netshowme\\src\\screens\\HomeScreen.tsx": {"path":"C:\\develop\\technical_challenges\\video_app_netshowme\\src\\screens\\HomeScreen.tsx","statementMap":{"0":{"start":{"line":12,"column":29},"end":{"line":96,"column":1}},"1":{"start":{"line":13,"column":34},"end":{"line":13,"column":59}},"2":{"start":{"line":14,"column":32},"end":{"line":14,"column":46}},"3":{"start":{"line":15,"column":26},"end":{"line":15,"column":37}},"4":{"start":{"line":16,"column":32},"end":{"line":16,"column":46}},"5":{"start":{"line":17,"column":21},"end":{"line":17,"column":62}},"6":{"start":{"line":19,"column":25},"end":{"line":19,"column":27}},"7":{"start":{"line":21,"column":2},"end":{"line":36,"column":13}},"8":{"start":{"line":22,"column":23},"end":{"line":33,"column":5}},"9":{"start":{"line":23,"column":6},"end":{"line":32,"column":7}},"10":{"start":{"line":24,"column":8},"end":{"line":24,"column":58}},"11":{"start":{"line":25,"column":8},"end":{"line":25,"column":48}},"12":{"start":{"line":26,"column":8},"end":{"line":26,"column":57}},"13":{"start":{"line":28,"column":8},"end":{"line":28,"column":57}},"14":{"start":{"line":29,"column":8},"end":{"line":29,"column":53}},"15":{"start":{"line":31,"column":8},"end":{"line":31,"column":26}},"16":{"start":{"line":35,"column":4},"end":{"line":35,"column":17}},"17":{"start":{"line":38,"column":25},"end":{"line":41,"column":3}},"18":{"start":{"line":39,"column":4},"end":{"line":39,"column":25}},"19":{"start":{"line":39,"column":18},"end":{"line":39,"column":25}},"20":{"start":{"line":40,"column":4},"end":{"line":40,"column":40}},"21":{"start":{"line":40,"column":26},"end":{"line":40,"column":38}},"22":{"start":{"line":43,"column":23},"end":{"line":50,"column":3}},"23":{"start":{"line":44,"column":4},"end":{"line":44,"column":30}},"24":{"start":{"line":44,"column":18},"end":{"line":44,"column":30}},"25":{"start":{"line":45,"column":4},"end":{"line":49,"column":6}},"26":{"start":{"line":52,"column":21},"end":{"line":72,"column":3}},"27":{"start":{"line":53,"column":4},"end":{"line":71,"column":22}},"28":{"start":{"line":60,"column":10},"end":{"line":60,"column":85}},"29":{"start":{"line":74,"column":2},"end":{"line":80,"column":3}},"30":{"start":{"line":75,"column":4},"end":{"line":79,"column":6}},"31":{"start":{"line":82,"column":2},"end":{"line":95,"column":4}},"32":{"start":{"line":86,"column":39},"end":{"line":86,"column":60}},"33":{"start":{"line":98,"column":15},"end":{"line":135,"column":2}}},"fnMap":{"0":{"name":"(anonymous_0)","decl":{"start":{"line":12,"column":29},"end":{"line":12,"column":30}},"loc":{"start":{"line":12,"column":35},"end":{"line":96,"column":1}},"line":12},"1":{"name":"(anonymous_1)","decl":{"start":{"line":21,"column":12},"end":{"line":21,"column":13}},"loc":{"start":{"line":21,"column":18},"end":{"line":36,"column":3}},"line":21},"2":{"name":"(anonymous_2)","decl":{"start":{"line":22,"column":23},"end":{"line":22,"column":24}},"loc":{"start":{"line":22,"column":35},"end":{"line":33,"column":5}},"line":22},"3":{"name":"(anonymous_3)","decl":{"start":{"line":38,"column":25},"end":{"line":38,"column":26}},"loc":{"start":{"line":38,"column":31},"end":{"line":41,"column":3}},"line":38},"4":{"name":"(anonymous_4)","decl":{"start":{"line":40,"column":12},"end":{"line":40,"column":13}},"loc":{"start":{"line":40,"column":26},"end":{"line":40,"column":38}},"line":40},"5":{"name":"(anonymous_5)","decl":{"start":{"line":43,"column":23},"end":{"line":43,"column":24}},"loc":{"start":{"line":43,"column":29},"end":{"line":50,"column":3}},"line":43},"6":{"name":"(anonymous_6)","decl":{"start":{"line":52,"column":21},"end":{"line":52,"column":22}},"loc":{"start":{"line":53,"column":4},"end":{"line":71,"column":22}},"line":53},"7":{"name":"(anonymous_7)","decl":{"start":{"line":59,"column":17},"end":{"line":59,"column":18}},"loc":{"start":{"line":60,"column":10},"end":{"line":60,"column":85}},"line":60},"8":{"name":"(anonymous_8)","decl":{"start":{"line":86,"column":22},"end":{"line":86,"column":23}},"loc":{"start":{"line":86,"column":39},"end":{"line":86,"column":60}},"line":86}},"branchMap":{"0":{"loc":{"start":{"line":39,"column":4},"end":{"line":39,"column":25}},"type":"if","locations":[{"start":{"line":39,"column":4},"end":{"line":39,"column":25}},{"start":{},"end":{}}],"line":39},"1":{"loc":{"start":{"line":44,"column":4},"end":{"line":44,"column":30}},"type":"if","locations":[{"start":{"line":44,"column":4},"end":{"line":44,"column":30}},{"start":{},"end":{}}],"line":44},"2":{"loc":{"start":{"line":74,"column":2},"end":{"line":80,"column":3}},"type":"if","locations":[{"start":{"line":74,"column":2},"end":{"line":80,"column":3}},{"start":{},"end":{}}],"line":74},"3":{"loc":{"start":{"line":74,"column":6},"end":{"line":74,"column":27}},"type":"binary-expr","locations":[{"start":{"line":74,"column":6},"end":{"line":74,"column":13}},{"start":{"line":74,"column":17},"end":{"line":74,"column":27}}],"line":74}},"s":{"0":1,"1":3,"2":3,"3":3,"4":3,"5":3,"6":3,"7":3,"8":1,"9":1,"10":1,"11":1,"12":1,"13":0,"14":0,"15":1,"16":1,"17":3,"18":0,"19":0,"20":0,"21":0,"22":3,"23":1,"24":1,"25":0,"26":3,"27":2,"28":0,"29":3,"30":2,"31":1,"32":3,"33":1},"f":{"0":3,"1":1,"2":1,"3":0,"4":0,"5":1,"6":2,"7":0,"8":3},"b":{"0":[0,0],"1":[1,0],"2":[2,1],"3":[3,2]},"_coverageSchema":"1a1c01bbd47fc00a2c39e90264f33305004495a9","hash":"2d6228f44d69b6b6edeea1df5b4570710bb6617c"}
,"C:\\develop\\technical_challenges\\video_app_netshowme\\src\\screens\\VideoDetailsScreen.tsx": {"path":"C:\\develop\\technical_challenges\\video_app_netshowme\\src\\screens\\VideoDetailsScreen.tsx","statementMap":{"0":{"start":{"line":16,"column":43},"end":{"line":99,"column":1}},"1":{"start":{"line":17,"column":22},"end":{"line":17,"column":34}},"2":{"start":{"line":18,"column":61},"end":{"line":18,"column":86}},"3":{"start":{"line":19,"column":28},"end":{"line":19,"column":47}},"4":{"start":{"line":20,"column":32},"end":{"line":20,"column":55}},"5":{"start":{"line":21,"column":48},"end":{"line":21,"column":72}},"6":{"start":{"line":23,"column":2},"end":{"line":43,"column":16}},"7":{"start":{"line":24,"column":22},"end":{"line":40,"column":5}},"8":{"start":{"line":25,"column":6},"end":{"line":39,"column":7}},"9":{"start":{"line":26,"column":26},"end":{"line":26,"column":55}},"10":{"start":{"line":27,"column":8},"end":{"line":34,"column":9}},"11":{"start":{"line":28,"column":10},"end":{"line":28,"column":30}},"12":{"start":{"line":30,"column":10},"end":{"line":33,"column":11}},"13":{"start":{"line":31,"column":12},"end":{"line":31,"column":42}},"14":{"start":{"line":32,"column":12},"end":{"line":32,"column":37}},"15":{"start":{"line":36,"column":8},"end":{"line":36,"column":56}},"16":{"start":{"line":38,"column":8},"end":{"line":38,"column":26}},"17":{"start":{"line":42,"column":4},"end":{"line":42,"column":16}},"18":{"start":{"line":45,"column":21},"end":{"line":59,"column":3}},"19":{"start":{"line":46,"column":4},"end":{"line":58,"column":5}},"20":{"start":{"line":47,"column":6},"end":{"line":47,"column":36}},"21":{"start":{"line":48,"column":6},"end":{"line":55,"column":8}},"22":{"start":{"line":49,"column":8},"end":{"line":54,"column":16}},"23":{"start":{"line":57,"column":6},"end":{"line":57,"column":52}},"24":{"start":{"line":62,"column":2},"end":{"line":64,"column":3}},"25":{"start":{"line":63,"column":4},"end":{"line":63,"column":35}},"26":{"start":{"line":66,"column":2},"end":{"line":72,"column":3}},"27":{"start":{"line":67,"column":4},"end":{"line":71,"column":6}},"28":{"start":{"line":74,"column":2},"end":{"line":98,"column":4}},"29":{"start":{"line":101,"column":15},"end":{"line":153,"column":2}}},"fnMap":{"0":{"name":"(anonymous_0)","decl":{"start":{"line":16,"column":43},"end":{"line":16,"column":44}},"loc":{"start":{"line":16,"column":58},"end":{"line":99,"column":1}},"line":16},"1":{"name":"(anonymous_1)","decl":{"start":{"line":23,"column":12},"end":{"line":23,"column":13}},"loc":{"start":{"line":23,"column":18},"end":{"line":43,"column":3}},"line":23},"2":{"name":"(anonymous_2)","decl":{"start":{"line":24,"column":22},"end":{"line":24,"column":23}},"loc":{"start":{"line":24,"column":34},"end":{"line":40,"column":5}},"line":24},"3":{"name":"(anonymous_3)","decl":{"start":{"line":45,"column":21},"end":{"line":45,"column":22}},"loc":{"start":{"line":45,"column":33},"end":{"line":59,"column":3}},"line":45},"4":{"name":"(anonymous_4)","decl":{"start":{"line":48,"column":15},"end":{"line":48,"column":16}},"loc":{"start":{"line":49,"column":8},"end":{"line":54,"column":16}},"line":49}},"branchMap":{"0":{"loc":{"start":{"line":27,"column":8},"end":{"line":34,"column":9}},"type":"if","locations":[{"start":{"line":27,"column":8},"end":{"line":34,"column":9}},{"start":{},"end":{}}],"line":27},"1":{"loc":{"start":{"line":30,"column":10},"end":{"line":33,"column":11}},"type":"if","locations":[{"start":{"line":30,"column":10},"end":{"line":33,"column":11}},{"start":{},"end":{}}],"line":30},"2":{"loc":{"start":{"line":49,"column":8},"end":{"line":54,"column":16}},"type":"cond-expr","locations":[{"start":{"line":50,"column":12},"end":{"line":53,"column":11}},{"start":{"line":54,"column":12},"end":{"line":54,"column":16}}],"line":49},"3":{"loc":{"start":{"line":62,"column":2},"end":{"line":64,"column":3}},"type":"if","locations":[{"start":{"line":62,"column":2},"end":{"line":64,"column":3}},{"start":{},"end":{}}],"line":62},"4":{"loc":{"start":{"line":66,"column":2},"end":{"line":72,"column":3}},"type":"if","locations":[{"start":{"line":66,"column":2},"end":{"line":72,"column":3}},{"start":{},"end":{}}],"line":66}},"s":{"0":0,"1":0,"2":0,"3":0,"4":0,"5":0,"6":0,"7":0,"8":0,"9":0,"10":0,"11":0,"12":0,"13":0,"14":0,"15":0,"16":0,"17":0,"18":0,"19":0,"20":0,"21":0,"22":0,"23":0,"24":0,"25":0,"26":0,"27":0,"28":0,"29":0},"f":{"0":0,"1":0,"2":0,"3":0,"4":0},"b":{"0":[0,0],"1":[0,0],"2":[0,0],"3":[0,0],"4":[0,0]}}
,"C:\\develop\\technical_challenges\\video_app_netshowme\\src\\screens\\components\\DetailSkeleton.tsx": {"path":"C:\\develop\\technical_challenges\\video_app_netshowme\\src\\screens\\components\\DetailSkeleton.tsx","statementMap":{"0":{"start":{"line":4,"column":18},"end":{"line":4,"column":42}},"1":{"start":{"line":6,"column":23},"end":{"line":13,"column":1}},"2":{"start":{"line":7,"column":2},"end":{"line":12,"column":9}},"3":{"start":{"line":15,"column":15},"end":{"line":39,"column":2}}},"fnMap":{"0":{"name":"(anonymous_0)","decl":{"start":{"line":6,"column":23},"end":{"line":6,"column":24}},"loc":{"start":{"line":7,"column":2},"end":{"line":12,"column":9}},"line":7}},"branchMap":{},"s":{"0":0,"1":0,"2":0,"3":0},"f":{"0":0},"b":{}}
,"C:\\develop\\technical_challenges\\video_app_netshowme\\src\\screens\\components\\HomeSkeleton.tsx": {"path":"C:\\develop\\technical_challenges\\video_app_netshowme\\src\\screens\\components\\HomeSkeleton.tsx","statementMap":{"0":{"start":{"line":4,"column":21},"end":{"line":18,"column":1}},"1":{"start":{"line":5,"column":2},"end":{"line":17,"column":4}},"2":{"start":{"line":8,"column":8},"end":{"line":14,"column":15}},"3":{"start":{"line":20,"column":15},"end":{"line":52,"column":2}}},"fnMap":{"0":{"name":"(anonymous_0)","decl":{"start":{"line":4,"column":21},"end":{"line":4,"column":22}},"loc":{"start":{"line":4,"column":27},"end":{"line":18,"column":1}},"line":4},"1":{"name":"(anonymous_1)","decl":{"start":{"line":7,"column":25},"end":{"line":7,"column":26}},"loc":{"start":{"line":8,"column":8},"end":{"line":14,"column":15}},"line":8}},"branchMap":{},"s":{"0":1,"1":2,"2":10,"3":1},"f":{"0":2,"1":10},"b":{},"_coverageSchema":"1a1c01bbd47fc00a2c39e90264f33305004495a9","hash":"56a2de06f13fbbdfbc2d248e945a62bcfb263aeb"}
,"C:\\develop\\technical_challenges\\video_app_netshowme\\src\\services\\api.ts": {"path":"C:\\develop\\technical_challenges\\video_app_netshowme\\src\\services\\api.ts","statementMap":{"0":{"start":{"line":3,"column":21},"end":{"line":3,"column":46}},"1":{"start":{"line":5,"column":19},"end":{"line":71,"column":1}},"2":{"start":{"line":8,"column":20},"end":{"line":8,"column":74}},"3":{"start":{"line":9,"column":8},"end":{"line":23,"column":9}},"4":{"start":{"line":10,"column":12},"end":{"line":10,"column":64}},"5":{"start":{"line":11,"column":29},"end":{"line":11,"column":45}},"6":{"start":{"line":13,"column":12},"end":{"line":15,"column":13}},"7":{"start":{"line":14,"column":16},"end":{"line":14,"column":96}},"8":{"start":{"line":17,"column":25},"end":{"line":17,"column":46}},"9":{"start":{"line":18,"column":12},"end":{"line":18,"column":56}},"10":{"start":{"line":19,"column":12},"end":{"line":19,"column":24}},"11":{"start":{"line":21,"column":12},"end":{"line":21,"column":65}},"12":{"start":{"line":22,"column":12},"end":{"line":22,"column":82}},"13":{"start":{"line":28,"column":20},"end":{"line":28,"column":50}},"14":{"start":{"line":29,"column":8},"end":{"line":43,"column":9}},"15":{"start":{"line":30,"column":12},"end":{"line":30,"column":76}},"16":{"start":{"line":31,"column":29},"end":{"line":31,"column":45}},"17":{"start":{"line":33,"column":12},"end":{"line":35,"column":13}},"18":{"start":{"line":34,"column":16},"end":{"line":34,"column":96}},"19":{"start":{"line":37,"column":25},"end":{"line":37,"column":46}},"20":{"start":{"line":38,"column":12},"end":{"line":38,"column":75}},"21":{"start":{"line":39,"column":12},"end":{"line":39,"column":24}},"22":{"start":{"line":41,"column":12},"end":{"line":41,"column":77}},"23":{"start":{"line":42,"column":12},"end":{"line":42,"column":83}},"24":{"start":{"line":48,"column":24},"end":{"line":48,"column":47}},"25":{"start":{"line":49,"column":8},"end":{"line":69,"column":9}},"26":{"start":{"line":50,"column":12},"end":{"line":50,"column":76}},"27":{"start":{"line":51,"column":29},"end":{"line":57,"column":14}},"28":{"start":{"line":59,"column":12},"end":{"line":61,"column":13}},"29":{"start":{"line":60,"column":16},"end":{"line":60,"column":96}},"30":{"start":{"line":63,"column":33},"end":{"line":63,"column":54}},"31":{"start":{"line":64,"column":12},"end":{"line":64,"column":78}},"32":{"start":{"line":65,"column":12},"end":{"line":65,"column":32}},"33":{"start":{"line":67,"column":12},"end":{"line":67,"column":81}},"34":{"start":{"line":68,"column":12},"end":{"line":68,"column":84}}},"fnMap":{"0":{"name":"(anonymous_0)","decl":{"start":{"line":7,"column":17},"end":{"line":7,"column":18}},"loc":{"start":{"line":7,"column":67},"end":{"line":24,"column":5}},"line":7},"1":{"name":"(anonymous_1)","decl":{"start":{"line":27,"column":20},"end":{"line":27,"column":21}},"loc":{"start":{"line":27,"column":58},"end":{"line":44,"column":5}},"line":27},"2":{"name":"(anonymous_2)","decl":{"start":{"line":47,"column":11},"end":{"line":47,"column":12}},"loc":{"start":{"line":47,"column":61},"end":{"line":70,"column":5}},"line":47}},"branchMap":{"0":{"loc":{"start":{"line":7,"column":24},"end":{"line":7,"column":32}},"type":"default-arg","locations":[{"start":{"line":7,"column":31},"end":{"line":7,"column":32}}],"line":7},"1":{"loc":{"start":{"line":7,"column":34},"end":{"line":7,"column":44}},"type":"default-arg","locations":[{"start":{"line":7,"column":42},"end":{"line":7,"column":44}}],"line":7},"2":{"loc":{"start":{"line":13,"column":12},"end":{"line":15,"column":13}},"type":"if","locations":[{"start":{"line":13,"column":12},"end":{"line":15,"column":13}},{"start":{},"end":{}}],"line":13},"3":{"loc":{"start":{"line":33,"column":12},"end":{"line":35,"column":13}},"type":"if","locations":[{"start":{"line":33,"column":12},"end":{"line":35,"column":13}},{"start":{},"end":{}}],"line":33},"4":{"loc":{"start":{"line":59,"column":12},"end":{"line":61,"column":13}},"type":"if","locations":[{"start":{"line":59,"column":12},"end":{"line":61,"column":13}},{"start":{},"end":{}}],"line":59}},"s":{"0":2,"1":2,"2":1,"3":1,"4":1,"5":1,"6":1,"7":0,"8":1,"9":1,"10":1,"11":0,"12":0,"13":1,"14":1,"15":1,"16":1,"17":1,"18":0,"19":1,"20":1,"21":1,"22":0,"23":0,"24":1,"25":1,"26":1,"27":1,"28":1,"29":0,"30":1,"31":1,"32":1,"33":0,"34":0},"f":{"0":1,"1":1,"2":1},"b":{"0":[0],"1":[0],"2":[0,1],"3":[0,1],"4":[0,1]},"_coverageSchema":"1a1c01bbd47fc00a2c39e90264f33305004495a9","hash":"95596626cdc75cac8ea9348b757fe8b563cee081"}
}
